21:39:53 INFO  : Registering command handlers for SDK TCF services
21:39:56 INFO  : Launching XSCT server: xsct -n -interactive /home/catabit/Zybo/project_2/project_2.sdk/temp_xsdb_launch_script.tcl
21:39:58 INFO  : XSCT server has started successfully.
21:39:58 INFO  : Successfully done setting XSCT server connection channel  
21:39:59 INFO  : Successfully done setting SDK workspace  
21:39:59 INFO  : Processing command line option -hwspec /home/catabit/Zybo/project_2/project_2.sdk/design_1_wrapper.hdf.
12:22:55 INFO  : Registering command handlers for SDK TCF services
12:22:56 INFO  : Launching XSCT server: xsct -n -interactive /home/catabit/Zybo/project_2/project_2.sdk/temp_xsdb_launch_script.tcl
12:22:58 INFO  : XSCT server has started successfully.
12:22:58 INFO  : Successfully done setting XSCT server connection channel  
12:22:58 INFO  : Successfully done setting SDK workspace  
12:22:58 INFO  : Processing command line option -hwspec /home/catabit/Zybo/project_2/project_2.sdk/design_1_wrapper.hdf.
12:22:58 INFO  : Checking for hwspec changes in the project design_1_wrapper_hw_platform_0.
12:39:37 INFO  : Saving repository preferences.
12:39:37 INFO  : Reading in cores from local repositories: 
		 /home/catabit/Zybo/ip_repo
12:39:37 INFO  : Cleaning BSP projects in the workspace.
12:39:39 INFO  : Saving repository preferences.
12:41:17 INFO  : Saving repository preferences.
12:41:17 INFO  : Reading in cores from global repositories: 
		 /home/catabit/Zybo/ip_repo/led_buttons_test_1.0
12:41:17 INFO  : Cleaning BSP projects in the workspace.
12:48:52 INFO  : No changes in MSS file content so not generating sources.
12:53:59 INFO  : Saving repository preferences.
12:53:59 INFO  : Reading in cores from local repositories: 
		 /home/catabit/Zybo/project_2/project_2.sdk
12:53:59 INFO  : Cleaning BSP projects in the workspace.
23:51:29 INFO  : Registering command handlers for SDK TCF services
23:51:30 INFO  : Launching XSCT server: xsct -n -interactive /home/catabit/Zybo/project_2/project_2.sdk/temp_xsdb_launch_script.tcl
23:51:35 INFO  : XSCT server has started successfully.
23:51:46 INFO  : Successfully done setting XSCT server connection channel  
23:51:46 INFO  : Restoring local repository preferences: 
		 /home/catabit/Zybo/project_2/project_2.sdk
23:51:46 INFO  : Successfully done setting SDK workspace  
23:51:57 INFO  : SDK has detected change in the last modified timestamps for source hardware specification file Source:1544820188000,  Project:1544557147000
23:51:57 INFO  : Project design_1_wrapper_hw_platform_0's source hardware specification located at /home/catabit/Zybo/project_2/project_2.sdk/design_1_wrapper.hdf is now different from the local copy.
		 The local copy will be replaced with the source specification and your workspace will be updated.
23:52:13 INFO  : Copied contents of /home/catabit/Zybo/project_2/project_2.sdk/design_1_wrapper.hdf into /design_1_wrapper_hw_platform_0/system.hdf.
23:52:17 INFO  : Synchronizing projects in the workspace with the hardware platform specification changes.
23:52:18 INFO  : Clearing existing target manager status.
23:52:18 WARN  : Given IPC port value is invalid. Using default port 2350
23:52:18 WARN  : Given XMD timeout value is invalid. Using default value of 50000
23:52:24 WARN  : Given XMD transaction timeout value is invalid. Using default value of 60000 milli seconds
23:52:24 INFO  : Workspace synchronized with the new hardware specification file. Cleaning dependent projects...
23:52:24 WARN  : Linker script will not be updated automatically. Users need to update it manually.
00:58:17 ERROR : Unexpected error while parsing XMD response ￿: com.google.gson.JsonSyntaxException: com.google.gson.stream.MalformedJsonException: invalid number or unquoted string near 
14:01:12 INFO  : Registering command handlers for SDK TCF services
14:01:14 INFO  : Launching XSCT server: xsct -n -interactive /home/catabit/Zybo/project_2/project_2.sdk/temp_xsdb_launch_script.tcl
14:01:19 INFO  : XSCT server has started successfully.
14:01:28 INFO  : Successfully done setting XSCT server connection channel  
14:01:28 INFO  : Restoring local repository preferences: 
		 /home/catabit/Zybo/project_2/project_2.sdk
14:01:34 INFO  : Successfully done setting SDK workspace  
14:01:34 INFO  : Processing command line option -hwspec /home/catabit/Zybo/project_2/project_2.sdk/design_1_wrapper.hdf.
14:01:35 INFO  : Checking for hwspec changes in the project design_1_wrapper_hw_platform_0.
14:01:35 INFO  : SDK has detected change in the last modified timestamps for source hardware specification file Source:1544875226000,  Project:1544820188000
14:01:35 INFO  : The hardware specification for project 'design_1_wrapper_hw_platform_0' is different from /home/catabit/Zybo/project_2/project_2.sdk/design_1_wrapper.hdf.
14:01:35 INFO  : Copied contents of /home/catabit/Zybo/project_2/project_2.sdk/design_1_wrapper.hdf into /design_1_wrapper_hw_platform_0/system.hdf.
14:01:39 INFO  : Synchronizing projects in the workspace with the hardware platform specification changes.
14:01:40 INFO  : Clearing existing target manager status.
14:01:40 WARN  : Given IPC port value is invalid. Using default port 2350
14:01:40 WARN  : Given XMD timeout value is invalid. Using default value of 50000
14:01:45 WARN  : Given XMD transaction timeout value is invalid. Using default value of 60000 milli seconds
14:01:45 INFO  : Workspace synchronized with the new hardware specification file. Cleaning dependent projects...
14:01:45 WARN  : Linker script will not be updated automatically. Users need to update it manually.
14:05:03 INFO  : Saving repository preferences.
14:05:03 INFO  : Reading in cores from global repositories: 
		 /home/catabit/Zybo/ip_repo/vivado-library/ip/Pmods/PmodMAXSONAR_v1_0
14:05:03 INFO  : Cleaning BSP projects in the workspace.
14:05:04 INFO  : Saving repository preferences.
14:08:10 ERROR : Unexpected error while parsing XMD response ￿: com.google.gson.JsonSyntaxException: com.google.gson.stream.MalformedJsonException: invalid number or unquoted string near 
18:00:10 INFO  : Registering command handlers for SDK TCF services
18:00:12 INFO  : Launching XSCT server: xsct -n -interactive /home/catabit/Zybo/project_2/project_2.sdk/temp_xsdb_launch_script.tcl
18:00:14 INFO  : XSCT server has started successfully.
18:00:14 INFO  : Successfully done setting XSCT server connection channel  
18:00:14 INFO  : Restoring global repository preferences: 
		 /home/catabit/Zybo/ip_repo/vivado-library/ip/Pmods/PmodMAXSONAR_v1_0
18:00:14 INFO  : Successfully done setting SDK workspace  
18:00:14 INFO  : Restoring local repository preferences: 
		 /home/catabit/Zybo/project_2/project_2.sdk
20:58:24 INFO  : Registering command handlers for SDK TCF services
20:58:26 INFO  : Launching XSCT server: xsct -n -interactive /home/catabit/Zybo/project_2/project_2.sdk/temp_xsdb_launch_script.tcl
20:58:32 INFO  : XSCT server has started successfully.
20:58:32 INFO  : Successfully done setting XSCT server connection channel  
20:58:40 INFO  : Successfully done setting SDK workspace  
20:58:41 INFO  : Restoring global repository preferences: 
		 /home/catabit/Zybo/ip_repo/vivado-library/ip/Pmods/PmodMAXSONAR_v1_0
20:58:41 INFO  : Restoring local repository preferences: 
		 /home/catabit/Zybo/project_2/project_2.sdk
23:45:58 INFO  : SDK has detected change in the last modified timestamps for source hardware specification file Source:1544910342000,  Project:1544875226000
23:45:58 INFO  : Project design_1_wrapper_hw_platform_0's source hardware specification located at /home/catabit/Zybo/project_2/project_2.sdk/design_1_wrapper.hdf is now different from the local copy.
		 The local copy will be replaced with the source specification and your workspace will be updated.
23:46:12 INFO  : Copied contents of /home/catabit/Zybo/project_2/project_2.sdk/design_1_wrapper.hdf into /design_1_wrapper_hw_platform_0/system.hdf.
23:46:17 INFO  : Synchronizing projects in the workspace with the hardware platform specification changes.
23:46:17 INFO  : Clearing existing target manager status.
23:46:17 WARN  : Given IPC port value is invalid. Using default port 2350
23:46:18 WARN  : Given XMD timeout value is invalid. Using default value of 50000
23:46:24 WARN  : Given XMD transaction timeout value is invalid. Using default value of 60000 milli seconds
23:46:24 INFO  : Workspace synchronized with the new hardware specification file. Cleaning dependent projects...
23:46:24 WARN  : Linker script will not be updated automatically. Users need to update it manually.
00:47:20 ERROR : Unexpected error while parsing XMD response ￿: com.google.gson.JsonSyntaxException: com.google.gson.stream.MalformedJsonException: invalid number or unquoted string near 
01:05:59 INFO  : Registering command handlers for SDK TCF services
01:06:01 INFO  : Launching XSCT server: xsct -n -interactive /home/catabit/Zybo/project_2/project_2.sdk/temp_xsdb_launch_script.tcl
01:06:06 INFO  : XSCT server has started successfully.
01:06:15 INFO  : Successfully done setting XSCT server connection channel  
01:06:15 INFO  : Successfully done setting SDK workspace  
01:06:15 INFO  : Restoring global repository preferences: 
		 /home/catabit/Zybo/ip_repo/vivado-library/ip/Pmods/PmodMAXSONAR_v1_0
01:06:15 INFO  : Restoring local repository preferences: 
		 /home/catabit/Zybo/project_2/project_2.sdk
01:06:16 INFO  : Processing command line option -hwspec /home/catabit/Zybo/project_2/project_2.sdk/design_1_wrapper.hdf.
01:06:16 INFO  : Checking for hwspec changes in the project design_1_wrapper_hw_platform_0.
01:06:23 INFO  : SDK has detected change in the last modified timestamps for source hardware specification file Source:1544914719000,  Project:1544910342000
01:06:23 INFO  : The hardware specification for project 'design_1_wrapper_hw_platform_0' is different from /home/catabit/Zybo/project_2/project_2.sdk/design_1_wrapper.hdf.
01:06:23 INFO  : Copied contents of /home/catabit/Zybo/project_2/project_2.sdk/design_1_wrapper.hdf into /design_1_wrapper_hw_platform_0/system.hdf.
01:06:27 INFO  : Synchronizing projects in the workspace with the hardware platform specification changes.
01:06:27 INFO  : Clearing existing target manager status.
01:06:27 WARN  : Given IPC port value is invalid. Using default port 2350
01:06:27 WARN  : Given XMD timeout value is invalid. Using default value of 50000
01:06:32 WARN  : Given XMD transaction timeout value is invalid. Using default value of 60000 milli seconds
01:06:33 INFO  : Workspace synchronized with the new hardware specification file. Cleaning dependent projects...
01:06:33 WARN  : Linker script will not be updated automatically. Users need to update it manually.
01:18:13 ERROR : Unexpected error while parsing XMD response ￿: com.google.gson.JsonSyntaxException: com.google.gson.stream.MalformedJsonException: invalid number or unquoted string near 
14:04:34 INFO  : Registering command handlers for SDK TCF services
14:04:36 INFO  : Launching XSCT server: xsct -n -interactive /home/catabit/Zybo/project_2/project_2.sdk/temp_xsdb_launch_script.tcl
14:04:40 INFO  : XSCT server has started successfully.
14:04:40 INFO  : Successfully done setting XSCT server connection channel  
14:04:52 INFO  : Successfully done setting SDK workspace  
14:04:52 INFO  : Restoring global repository preferences: 
		 /home/catabit/Zybo/ip_repo/vivado-library/ip/Pmods/PmodMAXSONAR_v1_0
14:04:52 INFO  : Restoring local repository preferences: 
		 /home/catabit/Zybo/project_2/project_2.sdk
15:18:05 INFO  : Registering command handlers for SDK TCF services
15:18:08 INFO  : Launching XSCT server: xsct -n -interactive /home/catabit/Zybo/project_2/project_2.sdk/temp_xsdb_launch_script.tcl
15:18:12 INFO  : XSCT server has started successfully.
15:18:21 INFO  : Successfully done setting XSCT server connection channel  
15:18:21 INFO  : Successfully done setting SDK workspace  
15:18:21 INFO  : Restoring global repository preferences: 
		 /home/catabit/Zybo/ip_repo/vivado-library/ip/Pmods/PmodMAXSONAR_v1_0
15:18:21 INFO  : Restoring local repository preferences: 
		 /home/catabit/Zybo/project_2/project_2.sdk
15:18:23 INFO  : Processing command line option -hwspec /home/catabit/Zybo/project_2/project_2.sdk/design_1_wrapper.hdf.
15:18:23 INFO  : Checking for hwspec changes in the project design_1_wrapper_hw_platform_0.
15:18:31 INFO  : SDK has detected change in the last modified timestamps for source hardware specification file Source:1545137755000,  Project:1544914719000
15:18:31 INFO  : The hardware specification for project 'design_1_wrapper_hw_platform_0' is different from /home/catabit/Zybo/project_2/project_2.sdk/design_1_wrapper.hdf.
15:18:31 INFO  : Copied contents of /home/catabit/Zybo/project_2/project_2.sdk/design_1_wrapper.hdf into /design_1_wrapper_hw_platform_0/system.hdf.
15:18:33 INFO  : Synchronizing projects in the workspace with the hardware platform specification changes.
15:18:33 INFO  : Clearing existing target manager status.
15:18:33 WARN  : Given IPC port value is invalid. Using default port 2350
15:18:33 WARN  : Given XMD timeout value is invalid. Using default value of 50000
15:18:38 WARN  : Given XMD transaction timeout value is invalid. Using default value of 60000 milli seconds
15:18:39 INFO  : Workspace synchronized with the new hardware specification file. Cleaning dependent projects...
15:18:39 WARN  : Linker script will not be updated automatically. Users need to update it manually.
16:52:06 INFO  : SDK has detected change in the last modified timestamps for source hardware specification file Source:1545144704000,  Project:1545137755000
16:52:06 INFO  : Project design_1_wrapper_hw_platform_0's source hardware specification located at /home/catabit/Zybo/project_2/project_2.sdk/design_1_wrapper.hdf is now different from the local copy.
		 The local copy will be replaced with the source specification and your workspace will be updated.
16:52:10 INFO  : Copied contents of /home/catabit/Zybo/project_2/project_2.sdk/design_1_wrapper.hdf into /design_1_wrapper_hw_platform_0/system.hdf.
16:52:13 INFO  : Synchronizing projects in the workspace with the hardware platform specification changes.
16:52:14 INFO  : Clearing existing target manager status.
16:52:14 INFO  : Workspace synchronized with the new hardware specification file. Cleaning dependent projects...
16:52:14 WARN  : Linker script will not be updated automatically. Users need to update it manually.
18:23:36 INFO  : SDK has detected change in the last modified timestamps for source hardware specification file Source:1545150159000,  Project:1545144704000
18:23:36 INFO  : Project design_1_wrapper_hw_platform_0's source hardware specification located at /home/catabit/Zybo/project_2/project_2.sdk/design_1_wrapper.hdf is now different from the local copy.
		 The local copy will be replaced with the source specification and your workspace will be updated.
18:23:38 INFO  : Copied contents of /home/catabit/Zybo/project_2/project_2.sdk/design_1_wrapper.hdf into /design_1_wrapper_hw_platform_0/system.hdf.
18:23:42 INFO  : Synchronizing projects in the workspace with the hardware platform specification changes.
18:23:43 INFO  : Clearing existing target manager status.
18:23:43 INFO  : Workspace synchronized with the new hardware specification file. Cleaning dependent projects...
18:23:43 WARN  : Linker script will not be updated automatically. Users need to update it manually.
19:07:30 INFO  : SDK has detected change in the last modified timestamps for source hardware specification file Source:1545152698000,  Project:1545150159000
19:07:30 INFO  : Project design_1_wrapper_hw_platform_0's source hardware specification located at /home/catabit/Zybo/project_2/project_2.sdk/design_1_wrapper.hdf is now different from the local copy.
		 The local copy will be replaced with the source specification and your workspace will be updated.
19:07:32 INFO  : Copied contents of /home/catabit/Zybo/project_2/project_2.sdk/design_1_wrapper.hdf into /design_1_wrapper_hw_platform_0/system.hdf.
19:07:35 INFO  : Synchronizing projects in the workspace with the hardware platform specification changes.
19:07:36 INFO  : Clearing existing target manager status.
19:07:36 INFO  : Workspace synchronized with the new hardware specification file. Cleaning dependent projects...
19:07:36 WARN  : Linker script will not be updated automatically. Users need to update it manually.
19:52:29 ERROR : (XSDB Server)Terminated

19:52:29 ERROR : Unexpected error while parsing XMD response ￿: com.google.gson.JsonSyntaxException: com.google.gson.stream.MalformedJsonException: invalid number or unquoted string near 
00:59:43 INFO  : Launching XSCT server: xsct -n -interactive /home/catabit/Zybo/project_2/project_2.sdk/temp_xsdb_launch_script.tcl
00:59:45 INFO  : XSCT server has started successfully.
00:59:45 INFO  : Successfully done setting XSCT server connection channel  
00:59:56 INFO  : Successfully done setting SDK workspace  
01:00:07 INFO  : Registering command handlers for SDK TCF services
01:00:16 INFO  : Restoring global repository preferences: 
		 /home/catabit/Zybo/ip_repo/vivado-library/ip/Pmods/PmodMAXSONAR_v1_0
01:00:16 INFO  : Restoring local repository preferences: 
		 /home/catabit/Zybo/project_2/project_2.sdk
01:00:18 INFO  : Processing command line option -hwspec /home/catabit/Zybo/project_2/project_2.sdk/design_1_wrapper.hdf.
01:00:23 INFO  : Checking for hwspec changes in the project design_1_wrapper_hw_platform_0.
01:00:23 INFO  : SDK has detected change in the last modified timestamps for source hardware specification file Source:1545159783000,  Project:1545152698000
01:00:23 INFO  : The hardware specification for project 'design_1_wrapper_hw_platform_0' is different from /home/catabit/Zybo/project_2/project_2.sdk/design_1_wrapper.hdf.
01:00:31 INFO  : Copied contents of /home/catabit/Zybo/project_2/project_2.sdk/design_1_wrapper.hdf into /design_1_wrapper_hw_platform_0/system.hdf.
01:00:33 INFO  : Synchronizing projects in the workspace with the hardware platform specification changes.
01:00:42 INFO  : Clearing existing target manager status.
01:00:42 WARN  : Given IPC port value is invalid. Using default port 2350
01:00:42 WARN  : Given XMD timeout value is invalid. Using default value of 50000
01:00:44 WARN  : Given XMD transaction timeout value is invalid. Using default value of 60000 milli seconds
01:00:44 INFO  : Workspace synchronized with the new hardware specification file. Cleaning dependent projects...
01:00:45 WARN  : Linker script will not be updated automatically. Users need to update it manually.
01:01:09 ERROR : Unexpected error while parsing XMD response ￿: com.google.gson.JsonSyntaxException: com.google.gson.stream.MalformedJsonException: invalid number or unquoted string near 
15:36:33 INFO  : Registering command handlers for SDK TCF services
15:36:34 INFO  : Launching XSCT server: xsct -n -interactive /home/catabit/Zybo/project_2/project_2.sdk/temp_xsdb_launch_script.tcl
15:36:36 INFO  : XSCT server has started successfully.
15:36:36 INFO  : Successfully done setting XSCT server connection channel  
15:36:36 INFO  : Successfully done setting SDK workspace  
15:36:36 INFO  : Restoring global repository preferences: 
		 /home/catabit/Zybo/ip_repo/led_buttons_test_1.0
15:36:36 INFO  : Restoring local repository preferences: 
		 /home/catabit/Zybo/project_2/project_2.sdk
15:36:36 INFO  : Processing command line option -hwspec /home/catabit/Zybo/project_2/project_2.sdk/design_1_wrapper.hdf.
15:36:36 INFO  : Checking for hwspec changes in the project design_1_wrapper_hw_platform_0.
15:36:38 INFO  : SDK has detected change in the last modified timestamps for source hardware specification file Source:1545657180000,  Project:1545159783000
15:36:38 INFO  : The hardware specification for project 'design_1_wrapper_hw_platform_0' is different from /home/catabit/Zybo/project_2/project_2.sdk/design_1_wrapper.hdf.
15:36:38 INFO  : Copied contents of /home/catabit/Zybo/project_2/project_2.sdk/design_1_wrapper.hdf into /design_1_wrapper_hw_platform_0/system.hdf.
15:36:41 INFO  : Synchronizing projects in the workspace with the hardware platform specification changes.
15:36:41 INFO  : Clearing existing target manager status.
15:36:41 WARN  : Given IPC port value is invalid. Using default port 2350
15:36:41 WARN  : Given XMD timeout value is invalid. Using default value of 50000
15:36:44 WARN  : Given XMD transaction timeout value is invalid. Using default value of 60000 milli seconds
15:36:44 INFO  : Workspace synchronized with the new hardware specification file. Cleaning dependent projects...
15:36:44 WARN  : Linker script will not be updated automatically. Users need to update it manually.
16:17:40 ERROR : Unexpected error while parsing XMD response ￿: com.google.gson.JsonSyntaxException: com.google.gson.stream.MalformedJsonException: invalid number or unquoted string near 
17:20:47 INFO  : Registering command handlers for SDK TCF services
17:20:48 INFO  : Launching XSCT server: xsct -n -interactive /home/catabit/Zybo/project_2/project_2.sdk/temp_xsdb_launch_script.tcl
17:20:50 INFO  : XSCT server has started successfully.
17:20:50 INFO  : Successfully done setting XSCT server connection channel  
17:20:50 INFO  : Successfully done setting SDK workspace  
17:20:50 INFO  : Restoring global repository preferences: 
		 /home/catabit/Zybo/ip_repo/led_buttons_test_1.0
17:20:50 INFO  : Restoring local repository preferences: 
		 /home/catabit/Zybo/project_2/project_2.sdk
17:20:50 INFO  : Processing command line option -hwspec /home/catabit/Zybo/project_2/project_2.sdk/design_1_wrapper.hdf.
17:20:50 INFO  : Checking for hwspec changes in the project design_1_wrapper_hw_platform_0.
17:20:52 INFO  : SDK has detected change in the last modified timestamps for source hardware specification file Source:1545664820000,  Project:1545657180000
17:20:52 INFO  : The hardware specification for project 'design_1_wrapper_hw_platform_0' is different from /home/catabit/Zybo/project_2/project_2.sdk/design_1_wrapper.hdf.
17:20:52 INFO  : Copied contents of /home/catabit/Zybo/project_2/project_2.sdk/design_1_wrapper.hdf into /design_1_wrapper_hw_platform_0/system.hdf.
17:20:55 INFO  : Synchronizing projects in the workspace with the hardware platform specification changes.
17:20:55 INFO  : Clearing existing target manager status.
17:20:55 WARN  : Given IPC port value is invalid. Using default port 2350
17:20:55 WARN  : Given XMD timeout value is invalid. Using default value of 50000
17:20:58 WARN  : Given XMD transaction timeout value is invalid. Using default value of 60000 milli seconds
17:20:58 INFO  : Workspace synchronized with the new hardware specification file. Cleaning dependent projects...
17:20:58 WARN  : Linker script will not be updated automatically. Users need to update it manually.
17:23:01 ERROR : Unexpected error while parsing XMD response ￿: com.google.gson.JsonSyntaxException: com.google.gson.stream.MalformedJsonException: invalid number or unquoted string near 
17:35:52 INFO  : Registering command handlers for SDK TCF services
17:35:53 INFO  : Launching XSCT server: xsct -n -interactive /home/catabit/Zybo/project_2/project_2.sdk/temp_xsdb_launch_script.tcl
17:35:55 INFO  : XSCT server has started successfully.
17:35:55 INFO  : Successfully done setting XSCT server connection channel  
17:35:55 INFO  : Successfully done setting SDK workspace  
17:35:55 INFO  : Restoring global repository preferences: 
		 /home/catabit/Zybo/ip_repo/led_buttons_test_1.0
17:35:55 INFO  : Restoring local repository preferences: 
		 /home/catabit/Zybo/project_2/project_2.sdk
17:35:55 INFO  : Processing command line option -hwspec /home/catabit/Zybo/project_2/project_2.sdk/design_1_wrapper.hdf.
17:35:55 INFO  : Checking for hwspec changes in the project design_1_wrapper_hw_platform_0.
18:03:04 INFO  : Registering command handlers for SDK TCF services
18:03:05 INFO  : Launching XSCT server: xsct -n -interactive /home/catabit/Zybo/project_2/project_2.sdk/temp_xsdb_launch_script.tcl
18:03:06 INFO  : XSCT server has started successfully.
18:03:06 INFO  : Successfully done setting XSCT server connection channel  
18:03:06 INFO  : Successfully done setting SDK workspace  
18:03:06 INFO  : Restoring global repository preferences: 
		 /home/catabit/Zybo/ip_repo/led_buttons_test_1.0
18:03:06 INFO  : Restoring local repository preferences: 
		 /home/catabit/Zybo/project_2/project_2.sdk
18:03:06 INFO  : Processing command line option -hwspec /home/catabit/Zybo/project_2/project_2.sdk/design_1_wrapper.hdf.
18:03:07 INFO  : Checking for hwspec changes in the project design_1_wrapper_hw_platform_0.
18:26:12 INFO  : Registering command handlers for SDK TCF services
18:26:12 INFO  : Launching XSCT server: xsct -n -interactive /home/catabit/Zybo/project_2/project_2.sdk/temp_xsdb_launch_script.tcl
18:26:13 INFO  : XSCT server has started successfully.
18:26:14 INFO  : Successfully done setting XSCT server connection channel  
18:26:14 INFO  : Successfully done setting SDK workspace  
18:26:14 INFO  : Restoring global repository preferences: 
		 /home/catabit/Zybo/ip_repo/led_buttons_test_1.0
18:26:14 INFO  : Restoring local repository preferences: 
		 /home/catabit/Zybo/project_2/project_2.sdk
18:26:14 INFO  : Processing command line option -hwspec /home/catabit/Zybo/project_2/project_2.sdk/design_1_wrapper.hdf.
18:26:14 INFO  : Checking for hwspec changes in the project design_1_wrapper_hw_platform_0.
15:01:58 INFO  : Registering command handlers for SDK TCF services
15:01:59 INFO  : Launching XSCT server: xsct.bat -interactive C:\Users\Dedei\Desktop\Zybo_motion\Zybo\project_2\project_2.sdk\temp_xsdb_launch_script.tcl
15:02:01 INFO  : XSCT server has started successfully.
15:02:02 INFO  : Successfully done setting XSCT server connection channel  
15:02:02 INFO  : Successfully done setting SDK workspace  
15:02:02 INFO  : Restoring local repository preferences: 
		 /home/catabit/Zybo/project_2/project_2.sdk:
15:02:02 WARN  : Invalid repository path /home/catabit/Zybo/project_2/project_2.sdk:.
15:02:02 INFO  : Processing command line option -hwspec C:/Users/Dedei/Desktop/Zybo_motion/Zybo/project_2/project_2.sdk/design_1_wrapper.hdf.
