#-----------------------------------------------------------
# Webtalk v2017.4 (64-bit)
# SW Build 2086221 on Fri Dec 15 20:55:39 MST 2017
# 
# Start of session at: Thu Dec 27 16:35:10 2018
# Process ID: 15240
# Current directory: C:/Users/Dedei/Desktop/Zybo_motion/Zybo/project_2/project_2.sdk/webtalk
# Command line: wbtcv.exe -mode batch -source sdk_webtalk.tcl
# Log file: C:/Users/Dedei/Desktop/Zybo_motion/Zybo/project_2/project_2.sdk/webtalk/webtalk.log
# Journal file: C:/Users/Dedei/Desktop/Zybo_motion/Zybo/project_2/project_2.sdk/webtalk\webtalk.jou
#-----------------------------------------------------------
source sdk_webtalk.tcl
# webtalk_init -webtalk_dir C:\\Users\\Dedei\\Desktop\\Zybo_motion\\Zybo\\project_2\\project_2.sdk\\webtalk
# webtalk_register_client -client project
# webtalk_add_data -client project -key date_generated -value "2018-12-27 16:35:07" -context "software_version_and_target_device"
# webtalk_add_data -client project -key product_version -value "SDK v2017.4" -context "software_version_and_target_device"
# webtalk_add_data -client project -key build_version -value "2017.4" -context "software_version_and_target_device"
# webtalk_add_data -client project -key os_platform -value "amd64" -context "software_version_and_target_device"
# webtalk_add_data -client project -key registration_id -value "" -context "software_version_and_target_device"
# webtalk_add_data -client project -key tool_flow -value "SDK" -context "software_version_and_target_device"
# webtalk_add_data -client project -key beta -value "false" -context "software_version_and_target_device"
# webtalk_add_data -client project -key route_design -value "NA" -context "software_version_and_target_device"
# webtalk_add_data -client project -key target_family -value "NA" -context "software_version_and_target_device"
# webtalk_add_data -client project -key target_device -value "NA" -context "software_version_and_target_device"
# webtalk_add_data -client project -key target_package -value "NA" -context "software_version_and_target_device"
# webtalk_add_data -client project -key target_speed -value "NA" -context "software_version_and_target_device"
# webtalk_add_data -client project -key random_id -value "c57c4375c5k4e358orsri3rmh3" -context "software_version_and_target_device"
# webtalk_add_data -client project -key project_id -value "2017.4_2" -context "software_version_and_target_device"
# webtalk_add_data -client project -key project_iteration -value "2" -context "software_version_and_target_device"
# webtalk_add_data -client project -key os_name -value "Microsoft Windows 8 or later , 64-bit" -context "user_environment"
# webtalk_add_data -client project -key os_release -value "major release  (build 9200)" -context "user_environment"
# webtalk_add_data -client project -key cpu_name -value "AMD Ryzen 5 2600X Six-Core Processor           " -context "user_environment"
# webtalk_add_data -client project -key cpu_speed -value "3600 MHz" -context "user_environment"
# webtalk_add_data -client project -key total_processors -value "2" -context "user_environment"
# webtalk_add_data -client project -key system_ram -value "17.129 GB" -context "user_environment"
# webtalk_register_client -client sdk
# webtalk_add_data -client sdk -key uid -value "1545915726532" -context "sdk\\\\hardware/1545915726532"
# webtalk_add_data -client sdk -key isZynq -value "true" -context "sdk\\\\hardware/1545915726532"
# webtalk_add_data -client sdk -key isZynqMP -value "false" -context "sdk\\\\hardware/1545915726532"
# webtalk_add_data -client sdk -key Processors -value "2" -context "sdk\\\\hardware/1545915726532"
# webtalk_add_data -client sdk -key VivadoVersion -value "2017.4" -context "sdk\\\\hardware/1545915726532"
# webtalk_add_data -client sdk -key Arch -value "zynq" -context "sdk\\\\hardware/1545915726532"
# webtalk_add_data -client sdk -key Device -value "7z020" -context "sdk\\\\hardware/1545915726532"
# webtalk_add_data -client sdk -key IsHandoff -value "true" -context "sdk\\\\hardware/1545915726532"
# webtalk_add_data -client sdk -key os -value "NA" -context "sdk\\\\hardware/1545915726532"
# webtalk_add_data -client sdk -key apptemplate -value "NA" -context "sdk\\\\hardware/1545915726532"
# webtalk_add_data -client sdk -key RecordType -value "HWCreation" -context "sdk\\\\hardware/1545915726532"
# webtalk_add_data -client sdk -key uid -value "NA" -context "sdk\\\\bsp/1545921307826"
# webtalk_add_data -client sdk -key RecordType -value "ToolUsage" -context "sdk\\\\bsp/1545921307826"
# webtalk_add_data -client sdk -key BootgenCount -value "0" -context "sdk\\\\bsp/1545921307826"
# webtalk_add_data -client sdk -key DebugCount -value "0" -context "sdk\\\\bsp/1545921307826"
# webtalk_add_data -client sdk -key PerfCount -value "0" -context "sdk\\\\bsp/1545921307826"
# webtalk_add_data -client sdk -key FlashCount -value "0" -context "sdk\\\\bsp/1545921307826"
# webtalk_add_data -client sdk -key CrossTriggCount -value "0" -context "sdk\\\\bsp/1545921307826"
# webtalk_add_data -client sdk -key QemuDebugCount -value "0" -context "sdk\\\\bsp/1545921307826"
# webtalk_transmit -clientid 1228145674 -regid "" -xml C:\\Users\\Dedei\\Desktop\\Zybo_motion\\Zybo\\project_2\\project_2.sdk\\webtalk\\usage_statistics_ext_sdk.xml -html C:\\Users\\Dedei\\Desktop\\Zybo_motion\\Zybo\\project_2\\project_2.sdk\\webtalk\\usage_statistics_ext_sdk.html -wdm C:\\Users\\Dedei\\Desktop\\Zybo_motion\\Zybo\\project_2\\project_2.sdk\\webtalk\\sdk_webtalk.wdm -intro "<H3>SDK Usage Report</H3><BR>"
INFO: [Common 17-186] 'C:\Users\Dedei\Desktop\Zybo_motion\Zybo\project_2\project_2.sdk\webtalk\usage_statistics_ext_sdk.xml' has been successfully sent to Xilinx on Thu Dec 27 16:35:16 2018. For additional details about this file, please refer to the WebTalk help file at C:/Xilinx/SDK/2017.4/doc/webtalk_introduction.html.
webtalk_transmit: Time (s): cpu = 00:00:00 ; elapsed = 00:00:06 . Memory (MB): peak = 50.922 ; gain = 0.121
# webtalk_terminate
INFO: [Common 17-206] Exiting Webtalk at Thu Dec 27 16:35:16 2018...
