#-----------------------------------------------------------
# Webtalk v2017.4 (64-bit)
# SW Build 2086221 on Fri Dec 15 20:54:30 MST 2017
# 
# Start of session at: Sat Dec 15 00:58:18 2018
# Process ID: 842
# Current directory: /home/catabit/Zybo/project_2/project_2.sdk/webtalk
# Command line: wbtcv -mode batch -source sdk_webtalk.tcl
# Log file: /home/catabit/Zybo/project_2/project_2.sdk/webtalk/webtalk.log
# Journal file: /home/catabit/Zybo/project_2/project_2.sdk/webtalk/webtalk.jou
#-----------------------------------------------------------
source sdk_webtalk.tcl
# webtalk_init -webtalk_dir /home/catabit/Zybo/project_2/project_2.sdk/webtalk
# webtalk_register_client -client project
# webtalk_add_data -client project -key date_generated -value "2018-12-15 00:58:14" -context "software_version_and_target_device"
# webtalk_add_data -client project -key product_version -value "SDK v2017.4" -context "software_version_and_target_device"
# webtalk_add_data -client project -key build_version -value "2017.4" -context "software_version_and_target_device"
# webtalk_add_data -client project -key os_platform -value "amd64" -context "software_version_and_target_device"
# webtalk_add_data -client project -key registration_id -value "" -context "software_version_and_target_device"
# webtalk_add_data -client project -key tool_flow -value "SDK" -context "software_version_and_target_device"
# webtalk_add_data -client project -key beta -value "false" -context "software_version_and_target_device"
# webtalk_add_data -client project -key route_design -value "NA" -context "software_version_and_target_device"
# webtalk_add_data -client project -key target_family -value "NA" -context "software_version_and_target_device"
# webtalk_add_data -client project -key target_device -value "NA" -context "software_version_and_target_device"
# webtalk_add_data -client project -key target_package -value "NA" -context "software_version_and_target_device"
# webtalk_add_data -client project -key target_speed -value "NA" -context "software_version_and_target_device"
# webtalk_add_data -client project -key random_id -value "ggaqo4tg1g06fsqvgtr5v0bj87" -context "software_version_and_target_device"
# webtalk_add_data -client project -key project_id -value "2017.4_1" -context "software_version_and_target_device"
# webtalk_add_data -client project -key project_iteration -value "1" -context "software_version_and_target_device"
# webtalk_add_data -client project -key os_name -value "Ubuntu" -context "user_environment"
# webtalk_add_data -client project -key os_release -value "Ubuntu 16.04.5 LTS" -context "user_environment"
# webtalk_add_data -client project -key cpu_name -value "Intel(R) Core(TM) i5-6600K CPU @ 3.50GHz" -context "user_environment"
# webtalk_add_data -client project -key cpu_speed -value "3503.998 MHz" -context "user_environment"
# webtalk_add_data -client project -key total_processors -value "2" -context "user_environment"
# webtalk_add_data -client project -key system_ram -value "6,250 GB" -context "user_environment"
# webtalk_register_client -client sdk
# webtalk_add_data -client sdk -key uid -value "1544824478000" -context "sdk\\\\application/1544824478000"
# webtalk_add_data -client sdk -key os -value "linux" -context "sdk\\\\application/1544824478000"
# webtalk_add_data -client sdk -key apptemplate -value "linux_hello_world" -context "sdk\\\\application/1544824478000"
# webtalk_add_data -client sdk -key RecordType -value "APPCreation" -context "sdk\\\\application/1544824478000"
# webtalk_add_data -client sdk -key LangUsed -value "C" -context "sdk\\\\application/1544824478000"
# webtalk_add_data -client sdk -key Procused -value "" -context "sdk\\\\application/1544824478000"
# webtalk_add_data -client sdk -key projSize -value "69.69921875" -context "sdk\\\\application/1544824478000"
# webtalk_add_data -client sdk -key uid -value "NA" -context "sdk\\\\bsp/1544828293606"
# webtalk_add_data -client sdk -key RecordType -value "ToolUsage" -context "sdk\\\\bsp/1544828293606"
# webtalk_add_data -client sdk -key BootgenCount -value "0" -context "sdk\\\\bsp/1544828293606"
# webtalk_add_data -client sdk -key DebugCount -value "0" -context "sdk\\\\bsp/1544828293606"
# webtalk_add_data -client sdk -key PerfCount -value "0" -context "sdk\\\\bsp/1544828293606"
# webtalk_add_data -client sdk -key FlashCount -value "0" -context "sdk\\\\bsp/1544828293606"
# webtalk_add_data -client sdk -key CrossTriggCount -value "0" -context "sdk\\\\bsp/1544828293606"
# webtalk_add_data -client sdk -key QemuDebugCount -value "0" -context "sdk\\\\bsp/1544828293606"
# webtalk_transmit -clientid 1331222927 -regid "" -xml /home/catabit/Zybo/project_2/project_2.sdk/webtalk/usage_statistics_ext_sdk.xml -html /home/catabit/Zybo/project_2/project_2.sdk/webtalk/usage_statistics_ext_sdk.html -wdm /home/catabit/Zybo/project_2/project_2.sdk/webtalk/sdk_webtalk.wdm -intro "<H3>SDK Usage Report</H3><BR>"
# webtalk_terminate
INFO: [Common 17-206] Exiting Webtalk at Sat Dec 15 00:58:19 2018...
