#-----------------------------------------------------------
# Webtalk v2017.4 (64-bit)
# SW Build 2086221 on Fri Dec 15 20:54:30 MST 2017
# 
# Start of session at: Mon Dec 24 16:17:40 2018
# Process ID: 27145
# Current directory: /home/catabit/Zybo/project_2/project_2.sdk/webtalk
# Command line: wbtcv -mode batch -source sdk_webtalk.tcl
# Log file: /home/catabit/Zybo/project_2/project_2.sdk/webtalk/webtalk.log
# Journal file: /home/catabit/Zybo/project_2/project_2.sdk/webtalk/webtalk.jou
#-----------------------------------------------------------
source sdk_webtalk.tcl
# webtalk_init -webtalk_dir /home/catabit/Zybo/project_2/project_2.sdk/webtalk
# webtalk_register_client -client project
# webtalk_add_data -client project -key date_generated -value "2018-12-24 16:17:39" -context "software_version_and_target_device"
# webtalk_add_data -client project -key product_version -value "SDK v2017.4" -context "software_version_and_target_device"
# webtalk_add_data -client project -key build_version -value "2017.4" -context "software_version_and_target_device"
# webtalk_add_data -client project -key os_platform -value "amd64" -context "software_version_and_target_device"
# webtalk_add_data -client project -key registration_id -value "" -context "software_version_and_target_device"
# webtalk_add_data -client project -key tool_flow -value "SDK" -context "software_version_and_target_device"
# webtalk_add_data -client project -key beta -value "false" -context "software_version_and_target_device"
# webtalk_add_data -client project -key route_design -value "NA" -context "software_version_and_target_device"
# webtalk_add_data -client project -key target_family -value "NA" -context "software_version_and_target_device"
# webtalk_add_data -client project -key target_device -value "NA" -context "software_version_and_target_device"
# webtalk_add_data -client project -key target_package -value "NA" -context "software_version_and_target_device"
# webtalk_add_data -client project -key target_speed -value "NA" -context "software_version_and_target_device"
# webtalk_add_data -client project -key random_id -value "nhplfvs8jurb36dauc31jml3fd" -context "software_version_and_target_device"
# webtalk_add_data -client project -key project_id -value "2017.4_3" -context "software_version_and_target_device"
# webtalk_add_data -client project -key project_iteration -value "3" -context "software_version_and_target_device"
# webtalk_add_data -client project -key os_name -value "Ubuntu" -context "user_environment"
# webtalk_add_data -client project -key os_release -value "Ubuntu 16.04.5 LTS" -context "user_environment"
# webtalk_add_data -client project -key cpu_name -value "Intel(R) Core(TM) i5-8250U CPU @ 1.60GHz" -context "user_environment"
# webtalk_add_data -client project -key cpu_speed -value "2664.117 MHz" -context "user_environment"
# webtalk_add_data -client project -key total_processors -value "1" -context "user_environment"
# webtalk_add_data -client project -key system_ram -value "8.214 GB" -context "user_environment"
# webtalk_register_client -client sdk
# webtalk_add_data -client sdk -key uid -value "1545658764000" -context "sdk\\\\application/1545658764000"
# webtalk_add_data -client sdk -key os -value "linux" -context "sdk\\\\application/1545658764000"
# webtalk_add_data -client sdk -key apptemplate -value "linux_hello_world" -context "sdk\\\\application/1545658764000"
# webtalk_add_data -client sdk -key RecordType -value "APPCreation" -context "sdk\\\\application/1545658764000"
# webtalk_add_data -client sdk -key LangUsed -value "C" -context "sdk\\\\application/1545658764000"
# webtalk_add_data -client sdk -key Procused -value "" -context "sdk\\\\application/1545658764000"
# webtalk_add_data -client sdk -key projSize -value "71.91015625" -context "sdk\\\\application/1545658764000"
# webtalk_add_data -client sdk -key uid -value "NA" -context "sdk\\\\bsp/1545661059748"
# webtalk_add_data -client sdk -key RecordType -value "ToolUsage" -context "sdk\\\\bsp/1545661059748"
# webtalk_add_data -client sdk -key BootgenCount -value "0" -context "sdk\\\\bsp/1545661059748"
# webtalk_add_data -client sdk -key DebugCount -value "0" -context "sdk\\\\bsp/1545661059748"
# webtalk_add_data -client sdk -key PerfCount -value "0" -context "sdk\\\\bsp/1545661059748"
# webtalk_add_data -client sdk -key FlashCount -value "0" -context "sdk\\\\bsp/1545661059748"
# webtalk_add_data -client sdk -key CrossTriggCount -value "0" -context "sdk\\\\bsp/1545661059748"
# webtalk_add_data -client sdk -key QemuDebugCount -value "0" -context "sdk\\\\bsp/1545661059748"
# webtalk_transmit -clientid 301392309 -regid "" -xml /home/catabit/Zybo/project_2/project_2.sdk/webtalk/usage_statistics_ext_sdk.xml -html /home/catabit/Zybo/project_2/project_2.sdk/webtalk/usage_statistics_ext_sdk.html -wdm /home/catabit/Zybo/project_2/project_2.sdk/webtalk/sdk_webtalk.wdm -intro "<H3>SDK Usage Report</H3><BR>"
INFO: [Common 17-186] '/home/catabit/Zybo/project_2/project_2.sdk/webtalk/usage_statistics_ext_sdk.xml' has been successfully sent to Xilinx on Mon Dec 24 16:17:44 2018. For additional details about this file, please refer to the WebTalk help file at /opt/Xilinx/SDK/2017.4/doc/webtalk_introduction.html.
# webtalk_terminate
INFO: [Common 17-206] Exiting Webtalk at Mon Dec 24 16:17:44 2018...
